The system is: Linux - 4.19.34-1-lts - x86_64
Compiling the C compiler identification source file "CMakeCCompilerId.c" succeeded.
Compiler: /usr/bin/cc 
Build flags: 
Id flags:  

The output was:
0


Compilation of the C compiler identification source "CMakeCCompilerId.c" produced "a.out"

The C compiler identification is GNU, found in "/home/shammyz/Documents/repos/ICG/triangulo VBO/libs/glfw/CMakeFiles/3.14.1/CompilerIdC/a.out"

Determining if the C compiler works passed with the following output:
Change Dir: /home/shammyz/Documents/repos/ICG/triangulo VBO/libs/glfw/CMakeFiles/CMakeTmp

Run Build Command(s):/usr/bin/make cmTC_68664/fast 
/usr/bin/make -f CMakeFiles/cmTC_68664.dir/build.make CMakeFiles/cmTC_68664.dir/build
make[1]: Entering directory '/home/shammyz/Documents/repos/ICG/triangulo VBO/libs/glfw/CMakeFiles/CMakeTmp'
Building C object CMakeFiles/cmTC_68664.dir/testCCompiler.c.o
/usr/bin/cc    -o CMakeFiles/cmTC_68664.dir/testCCompiler.c.o   -c "/home/shammyz/Documents/repos/ICG/triangulo VBO/libs/glfw/CMakeFiles/CMakeTmp/testCCompiler.c"
Linking C executable cmTC_68664
/usr/bin/cmake -E cmake_link_script CMakeFiles/cmTC_68664.dir/link.txt --verbose=1
/usr/bin/cc      -rdynamic CMakeFiles/cmTC_68664.dir/testCCompiler.c.o  -o cmTC_68664 
make[1]: Leaving directory '/home/shammyz/Documents/repos/ICG/triangulo VBO/libs/glfw/CMakeFiles/CMakeTmp'


Detecting C compiler ABI info compiled with the following output:
Change Dir: /home/shammyz/Documents/repos/ICG/triangulo VBO/libs/glfw/CMakeFiles/CMakeTmp

Run Build Command(s):/usr/bin/make cmTC_f1925/fast 
/usr/bin/make -f CMakeFiles/cmTC_f1925.dir/build.make CMakeFiles/cmTC_f1925.dir/build
make[1]: Entering directory '/home/shammyz/Documents/repos/ICG/triangulo VBO/libs/glfw/CMakeFiles/CMakeTmp'
Building C object CMakeFiles/cmTC_f1925.dir/CMakeCCompilerABI.c.o
/usr/bin/cc   -v -o CMakeFiles/cmTC_f1925.dir/CMakeCCompilerABI.c.o   -c /usr/share/cmake-3.14/Modules/CMakeCCompilerABI.c
Using built-in specs.
COLLECT_GCC=/usr/bin/cc
Target: x86_64-pc-linux-gnu
Configured with: /build/gcc/src/gcc/configure --prefix=/usr --libdir=/usr/lib --libexecdir=/usr/lib --mandir=/usr/share/man --infodir=/usr/share/info --with-bugurl=https://bugs.archlinux.org/ --enable-languages=c,c++,ada,fortran,go,lto,objc,obj-c++ --enable-shared --enable-threads=posix --enable-libmpx --with-system-zlib --with-isl --enable-__cxa_atexit --disable-libunwind-exceptions --enable-clocale=gnu --disable-libstdcxx-pch --disable-libssp --enable-gnu-unique-object --enable-linker-build-id --enable-lto --enable-plugin --enable-install-libiberty --with-linker-hash-style=gnu --enable-gnu-indirect-function --enable-multilib --disable-werror --enable-checking=release --enable-default-pie --enable-default-ssp --enable-cet=auto
Thread model: posix
gcc version 8.2.1 20181127 (GCC) 
COLLECT_GCC_OPTIONS='-v' '-o' 'CMakeFiles/cmTC_f1925.dir/CMakeCCompilerABI.c.o' '-c' '-mtune=generic' '-march=x86-64'
 /usr/lib/gcc/x86_64-pc-linux-gnu/8.2.1/cc1 -quiet -v /usr/share/cmake-3.14/Modules/CMakeCCompilerABI.c -quiet -dumpbase CMakeCCompilerABI.c -mtune=generic -march=x86-64 -auxbase-strip CMakeFiles/cmTC_f1925.dir/CMakeCCompilerABI.c.o -version -o /tmp/cc24sDcq.s
GNU C17 (GCC) version 8.2.1 20181127 (x86_64-pc-linux-gnu)
	compiled by GNU C version 8.2.1 20181127, GMP version 6.1.2, MPFR version 4.0.1, MPC version 1.1.0, isl version isl-0.20-GMP

warning: MPFR header version 4.0.1 differs from library version 4.0.2.
GGC heuristics: --param ggc-min-expand=100 --param ggc-min-heapsize=131072
ignoring nonexistent directory "/usr/lib/gcc/x86_64-pc-linux-gnu/8.2.1/../../../../x86_64-pc-linux-gnu/include"
#include "..." search starts here:
#include <...> search starts here:
 /usr/lib/gcc/x86_64-pc-linux-gnu/8.2.1/include
 /usr/local/include
 /usr/lib/gcc/x86_64-pc-linux-gnu/8.2.1/include-fixed
 /usr/include
End of search list.
GNU C17 (GCC) version 8.2.1 20181127 (x86_64-pc-linux-gnu)
	compiled by GNU C version 8.2.1 20181127, GMP version 6.1.2, MPFR version 4.0.1, MPC version 1.1.0, isl version isl-0.20-GMP

warning: MPFR header version 4.0.1 differs from library version 4.0.2.
GGC heuristics: --param ggc-min-expand=100 --param ggc-min-heapsize=131072
Compiler executable checksum: 0c14e25c3256cb739a3fd5c231a3c41d
COLLECT_GCC_OPTIONS='-v' '-o' 'CMakeFiles/cmTC_f1925.dir/CMakeCCompilerABI.c.o' '-c' '-mtune=generic' '-march=x86-64'
 as -v --64 -o CMakeFiles/cmTC_f1925.dir/CMakeCCompilerABI.c.o /tmp/cc24sDcq.s
GNU assembler version 2.31.1 (x86_64-pc-linux-gnu) using BFD version (GNU Binutils) 2.31.1
COMPILER_PATH=/usr/lib/gcc/x86_64-pc-linux-gnu/8.2.1/:/usr/lib/gcc/x86_64-pc-linux-gnu/8.2.1/:/usr/lib/gcc/x86_64-pc-linux-gnu/:/usr/lib/gcc/x86_64-pc-linux-gnu/8.2.1/:/usr/lib/gcc/x86_64-pc-linux-gnu/
LIBRARY_PATH=/usr/lib/gcc/x86_64-pc-linux-gnu/8.2.1/:/usr/lib/gcc/x86_64-pc-linux-gnu/8.2.1/../../../../lib/:/lib/../lib/:/usr/lib/../lib/:/usr/lib/gcc/x86_64-pc-linux-gnu/8.2.1/../../../:/lib/:/usr/lib/
COLLECT_GCC_OPTIONS='-v' '-o' 'CMakeFiles/cmTC_f1925.dir/CMakeCCompilerABI.c.o' '-c' '-mtune=generic' '-march=x86-64'
Linking C executable cmTC_f1925
/usr/bin/cmake -E cmake_link_script CMakeFiles/cmTC_f1925.dir/link.txt --verbose=1
/usr/bin/cc     -v -rdynamic CMakeFiles/cmTC_f1925.dir/CMakeCCompilerABI.c.o  -o cmTC_f1925 
Using built-in specs.
COLLECT_GCC=/usr/bin/cc
COLLECT_LTO_WRAPPER=/usr/lib/gcc/x86_64-pc-linux-gnu/8.2.1/lto-wrapper
Target: x86_64-pc-linux-gnu
Configured with: /build/gcc/src/gcc/configure --prefix=/usr --libdir=/usr/lib --libexecdir=/usr/lib --mandir=/usr/share/man --infodir=/usr/share/info --with-bugurl=https://bugs.archlinux.org/ --enable-languages=c,c++,ada,fortran,go,lto,objc,obj-c++ --enable-shared --enable-threads=posix --enable-libmpx --with-system-zlib --with-isl --enable-__cxa_atexit --disable-libunwind-exceptions --enable-clocale=gnu --disable-libstdcxx-pch --disable-libssp --enable-gnu-unique-object --enable-linker-build-id --enable-lto --enable-plugin --enable-install-libiberty --with-linker-hash-style=gnu --enable-gnu-indirect-function --enable-multilib --disable-werror --enable-checking=release --enable-default-pie --enable-default-ssp --enable-cet=auto
Thread model: posix
gcc version 8.2.1 20181127 (GCC) 
COMPILER_PATH=/usr/lib/gcc/x86_64-pc-linux-gnu/8.2.1/:/usr/lib/gcc/x86_64-pc-linux-gnu/8.2.1/:/usr/lib/gcc/x86_64-pc-linux-gnu/:/usr/lib/gcc/x86_64-pc-linux-gnu/8.2.1/:/usr/lib/gcc/x86_64-pc-linux-gnu/
LIBRARY_PATH=/usr/lib/gcc/x86_64-pc-linux-gnu/8.2.1/:/usr/lib/gcc/x86_64-pc-linux-gnu/8.2.1/../../../../lib/:/lib/../lib/:/usr/lib/../lib/:/usr/lib/gcc/x86_64-pc-linux-gnu/8.2.1/../../../:/lib/:/usr/lib/
COLLECT_GCC_OPTIONS='-v' '-rdynamic' '-o' 'cmTC_f1925' '-mtune=generic' '-march=x86-64'
 /usr/lib/gcc/x86_64-pc-linux-gnu/8.2.1/collect2 -plugin /usr/lib/gcc/x86_64-pc-linux-gnu/8.2.1/liblto_plugin.so -plugin-opt=/usr/lib/gcc/x86_64-pc-linux-gnu/8.2.1/lto-wrapper -plugin-opt=-fresolution=/tmp/cc9bvpws.res -plugin-opt=-pass-through=-lgcc -plugin-opt=-pass-through=-lgcc_s -plugin-opt=-pass-through=-lc -plugin-opt=-pass-through=-lgcc -plugin-opt=-pass-through=-lgcc_s --build-id --eh-frame-hdr --hash-style=gnu -m elf_x86_64 -export-dynamic -dynamic-linker /lib64/ld-linux-x86-64.so.2 -pie -o cmTC_f1925 /usr/lib/gcc/x86_64-pc-linux-gnu/8.2.1/../../../../lib/Scrt1.o /usr/lib/gcc/x86_64-pc-linux-gnu/8.2.1/../../../../lib/crti.o /usr/lib/gcc/x86_64-pc-linux-gnu/8.2.1/crtbeginS.o -L/usr/lib/gcc/x86_64-pc-linux-gnu/8.2.1 -L/usr/lib/gcc/x86_64-pc-linux-gnu/8.2.1/../../../../lib -L/lib/../lib -L/usr/lib/../lib -L/usr/lib/gcc/x86_64-pc-linux-gnu/8.2.1/../../.. CMakeFiles/cmTC_f1925.dir/CMakeCCompilerABI.c.o -lgcc --as-needed -lgcc_s --no-as-needed -lc -lgcc --as-needed -lgcc_s --no-as-needed /usr/lib/gcc/x86_64-pc-linux-gnu/8.2.1/crtendS.o /usr/lib/gcc/x86_64-pc-linux-gnu/8.2.1/../../../../lib/crtn.o
COLLECT_GCC_OPTIONS='-v' '-rdynamic' '-o' 'cmTC_f1925' '-mtune=generic' '-march=x86-64'
make[1]: Leaving directory '/home/shammyz/Documents/repos/ICG/triangulo VBO/libs/glfw/CMakeFiles/CMakeTmp'


Parsed C implicit include dir info from above output: rv=done
  found start of include info
  found start of implicit include info
    add: [/usr/lib/gcc/x86_64-pc-linux-gnu/8.2.1/include]
    add: [/usr/local/include]
    add: [/usr/lib/gcc/x86_64-pc-linux-gnu/8.2.1/include-fixed]
    add: [/usr/include]
  end of search list found
  collapse include dir [/usr/lib/gcc/x86_64-pc-linux-gnu/8.2.1/include] ==> [/usr/lib/gcc/x86_64-pc-linux-gnu/8.2.1/include]
  collapse include dir [/usr/local/include] ==> [/usr/local/include]
  collapse include dir [/usr/lib/gcc/x86_64-pc-linux-gnu/8.2.1/include-fixed] ==> [/usr/lib/gcc/x86_64-pc-linux-gnu/8.2.1/include-fixed]
  collapse include dir [/usr/include] ==> [/usr/include]
  implicit include dirs: [/usr/lib/gcc/x86_64-pc-linux-gnu/8.2.1/include;/usr/local/include;/usr/lib/gcc/x86_64-pc-linux-gnu/8.2.1/include-fixed;/usr/include]


Parsed C implicit link information from above output:
  link line regex: [^( *|.*[/\])(ld|CMAKE_LINK_STARTFILE-NOTFOUND|([^/\]+-)?ld|collect2)[^/\]*( |$)]
  ignore line: [Change Dir: /home/shammyz/Documents/repos/ICG/triangulo VBO/libs/glfw/CMakeFiles/CMakeTmp]
  ignore line: []
  ignore line: [Run Build Command(s):/usr/bin/make cmTC_f1925/fast ]
  ignore line: [/usr/bin/make -f CMakeFiles/cmTC_f1925.dir/build.make CMakeFiles/cmTC_f1925.dir/build]
  ignore line: [make[1]: Entering directory '/home/shammyz/Documents/repos/ICG/triangulo VBO/libs/glfw/CMakeFiles/CMakeTmp']
  ignore line: [Building C object CMakeFiles/cmTC_f1925.dir/CMakeCCompilerABI.c.o]
  ignore line: [/usr/bin/cc   -v -o CMakeFiles/cmTC_f1925.dir/CMakeCCompilerABI.c.o   -c /usr/share/cmake-3.14/Modules/CMakeCCompilerABI.c]
  ignore line: [Using built-in specs.]
  ignore line: [COLLECT_GCC=/usr/bin/cc]
  ignore line: [Target: x86_64-pc-linux-gnu]
  ignore line: [Configured with: /build/gcc/src/gcc/configure --prefix=/usr --libdir=/usr/lib --libexecdir=/usr/lib --mandir=/usr/share/man --infodir=/usr/share/info --with-bugurl=https://bugs.archlinux.org/ --enable-languages=c,c++,ada,fortran,go,lto,objc,obj-c++ --enable-shared --enable-threads=posix --enable-libmpx --with-system-zlib --with-isl --enable-__cxa_atexit --disable-libunwind-exceptions --enable-clocale=gnu --disable-libstdcxx-pch --disable-libssp --enable-gnu-unique-object --enable-linker-build-id --enable-lto --enable-plugin --enable-install-libiberty --with-linker-hash-style=gnu --enable-gnu-indirect-function --enable-multilib --disable-werror --enable-checking=release --enable-default-pie --enable-default-ssp --enable-cet=auto]
  ignore line: [Thread model: posix]
  ignore line: [gcc version 8.2.1 20181127 (GCC) ]
  ignore line: [COLLECT_GCC_OPTIONS='-v' '-o' 'CMakeFiles/cmTC_f1925.dir/CMakeCCompilerABI.c.o' '-c' '-mtune=generic' '-march=x86-64']
  ignore line: [ /usr/lib/gcc/x86_64-pc-linux-gnu/8.2.1/cc1 -quiet -v /usr/share/cmake-3.14/Modules/CMakeCCompilerABI.c -quiet -dumpbase CMakeCCompilerABI.c -mtune=generic -march=x86-64 -auxbase-strip CMakeFiles/cmTC_f1925.dir/CMakeCCompilerABI.c.o -version -o /tmp/cc24sDcq.s]
  ignore line: [GNU C17 (GCC) version 8.2.1 20181127 (x86_64-pc-linux-gnu)]
  ignore line: [	compiled by GNU C version 8.2.1 20181127, GMP version 6.1.2, MPFR version 4.0.1, MPC version 1.1.0, isl version isl-0.20-GMP]
  ignore line: []
  ignore line: [warning: MPFR header version 4.0.1 differs from library version 4.0.2.]
  ignore line: [GGC heuristics: --param ggc-min-expand=100 --param ggc-min-heapsize=131072]
  ignore line: [ignoring nonexistent directory "/usr/lib/gcc/x86_64-pc-linux-gnu/8.2.1/../../../../x86_64-pc-linux-gnu/include"]
  ignore line: [#include "..." search starts here:]
  ignore line: [#include <...> search starts here:]
  ignore line: [ /usr/lib/gcc/x86_64-pc-linux-gnu/8.2.1/include]
  ignore line: [ /usr/local/include]
  ignore line: [ /usr/lib/gcc/x86_64-pc-linux-gnu/8.2.1/include-fixed]
  ignore line: [ /usr/include]
  ignore line: [End of search list.]
  ignore line: [GNU C17 (GCC) version 8.2.1 20181127 (x86_64-pc-linux-gnu)]
  ignore line: [	compiled by GNU C version 8.2.1 20181127, GMP version 6.1.2, MPFR version 4.0.1, MPC version 1.1.0, isl version isl-0.20-GMP]
  ignore line: []
  ignore line: [warning: MPFR header version 4.0.1 differs from library version 4.0.2.]
  ignore line: [GGC heuristics: --param ggc-min-expand=100 --param ggc-min-heapsize=131072]
  ignore line: [Compiler executable checksum: 0c14e25c3256cb739a3fd5c231a3c41d]
  ignore line: [COLLECT_GCC_OPTIONS='-v' '-o' 'CMakeFiles/cmTC_f1925.dir/CMakeCCompilerABI.c.o' '-c' '-mtune=generic' '-march=x86-64']
  ignore line: [ as -v --64 -o CMakeFiles/cmTC_f1925.dir/CMakeCCompilerABI.c.o /tmp/cc24sDcq.s]
  ignore line: [GNU assembler version 2.31.1 (x86_64-pc-linux-gnu) using BFD version (GNU Binutils) 2.31.1]
  ignore line: [COMPILER_PATH=/usr/lib/gcc/x86_64-pc-linux-gnu/8.2.1/:/usr/lib/gcc/x86_64-pc-linux-gnu/8.2.1/:/usr/lib/gcc/x86_64-pc-linux-gnu/:/usr/lib/gcc/x86_64-pc-linux-gnu/8.2.1/:/usr/lib/gcc/x86_64-pc-linux-gnu/]
  ignore line: [LIBRARY_PATH=/usr/lib/gcc/x86_64-pc-linux-gnu/8.2.1/:/usr/lib/gcc/x86_64-pc-linux-gnu/8.2.1/../../../../lib/:/lib/../lib/:/usr/lib/../lib/:/usr/lib/gcc/x86_64-pc-linux-gnu/8.2.1/../../../:/lib/:/usr/lib/]
  ignore line: [COLLECT_GCC_OPTIONS='-v' '-o' 'CMakeFiles/cmTC_f1925.dir/CMakeCCompilerABI.c.o' '-c' '-mtune=generic' '-march=x86-64']
  ignore line: [Linking C executable cmTC_f1925]
  ignore line: [/usr/bin/cmake -E cmake_link_script CMakeFiles/cmTC_f1925.dir/link.txt --verbose=1]
  ignore line: [/usr/bin/cc     -v -rdynamic CMakeFiles/cmTC_f1925.dir/CMakeCCompilerABI.c.o  -o cmTC_f1925 ]
  ignore line: [Using built-in specs.]
  ignore line: [COLLECT_GCC=/usr/bin/cc]
  ignore line: [COLLECT_LTO_WRAPPER=/usr/lib/gcc/x86_64-pc-linux-gnu/8.2.1/lto-wrapper]
  ignore line: [Target: x86_64-pc-linux-gnu]
  ignore line: [Configured with: /build/gcc/src/gcc/configure --prefix=/usr --libdir=/usr/lib --libexecdir=/usr/lib --mandir=/usr/share/man --infodir=/usr/share/info --with-bugurl=https://bugs.archlinux.org/ --enable-languages=c,c++,ada,fortran,go,lto,objc,obj-c++ --enable-shared --enable-threads=posix --enable-libmpx --with-system-zlib --with-isl --enable-__cxa_atexit --disable-libunwind-exceptions --enable-clocale=gnu --disable-libstdcxx-pch --disable-libssp --enable-gnu-unique-object --enable-linker-build-id --enable-lto --enable-plugin --enable-install-libiberty --with-linker-hash-style=gnu --enable-gnu-indirect-function --enable-multilib --disable-werror --enable-checking=release --enable-default-pie --enable-default-ssp --enable-cet=auto]
  ignore line: [Thread model: posix]
  ignore line: [gcc version 8.2.1 20181127 (GCC) ]
  ignore line: [COMPILER_PATH=/usr/lib/gcc/x86_64-pc-linux-gnu/8.2.1/:/usr/lib/gcc/x86_64-pc-linux-gnu/8.2.1/:/usr/lib/gcc/x86_64-pc-linux-gnu/:/usr/lib/gcc/x86_64-pc-linux-gnu/8.2.1/:/usr/lib/gcc/x86_64-pc-linux-gnu/]
  ignore line: [LIBRARY_PATH=/usr/lib/gcc/x86_64-pc-linux-gnu/8.2.1/:/usr/lib/gcc/x86_64-pc-linux-gnu/8.2.1/../../../../lib/:/lib/../lib/:/usr/lib/../lib/:/usr/lib/gcc/x86_64-pc-linux-gnu/8.2.1/../../../:/lib/:/usr/lib/]
  ignore line: [COLLECT_GCC_OPTIONS='-v' '-rdynamic' '-o' 'cmTC_f1925' '-mtune=generic' '-march=x86-64']
  link line: [ /usr/lib/gcc/x86_64-pc-linux-gnu/8.2.1/collect2 -plugin /usr/lib/gcc/x86_64-pc-linux-gnu/8.2.1/liblto_plugin.so -plugin-opt=/usr/lib/gcc/x86_64-pc-linux-gnu/8.2.1/lto-wrapper -plugin-opt=-fresolution=/tmp/cc9bvpws.res -plugin-opt=-pass-through=-lgcc -plugin-opt=-pass-through=-lgcc_s -plugin-opt=-pass-through=-lc -plugin-opt=-pass-through=-lgcc -plugin-opt=-pass-through=-lgcc_s --build-id --eh-frame-hdr --hash-style=gnu -m elf_x86_64 -export-dynamic -dynamic-linker /lib64/ld-linux-x86-64.so.2 -pie -o cmTC_f1925 /usr/lib/gcc/x86_64-pc-linux-gnu/8.2.1/../../../../lib/Scrt1.o /usr/lib/gcc/x86_64-pc-linux-gnu/8.2.1/../../../../lib/crti.o /usr/lib/gcc/x86_64-pc-linux-gnu/8.2.1/crtbeginS.o -L/usr/lib/gcc/x86_64-pc-linux-gnu/8.2.1 -L/usr/lib/gcc/x86_64-pc-linux-gnu/8.2.1/../../../../lib -L/lib/../lib -L/usr/lib/../lib -L/usr/lib/gcc/x86_64-pc-linux-gnu/8.2.1/../../.. CMakeFiles/cmTC_f1925.dir/CMakeCCompilerABI.c.o -lgcc --as-needed -lgcc_s --no-as-needed -lc -lgcc --as-needed -lgcc_s --no-as-needed /usr/lib/gcc/x86_64-pc-linux-gnu/8.2.1/crtendS.o /usr/lib/gcc/x86_64-pc-linux-gnu/8.2.1/../../../../lib/crtn.o]
    arg [/usr/lib/gcc/x86_64-pc-linux-gnu/8.2.1/collect2] ==> ignore
    arg [-plugin] ==> ignore
    arg [/usr/lib/gcc/x86_64-pc-linux-gnu/8.2.1/liblto_plugin.so] ==> ignore
    arg [-plugin-opt=/usr/lib/gcc/x86_64-pc-linux-gnu/8.2.1/lto-wrapper] ==> ignore
    arg [-plugin-opt=-fresolution=/tmp/cc9bvpws.res] ==> ignore
    arg [-plugin-opt=-pass-through=-lgcc] ==> ignore
    arg [-plugin-opt=-pass-through=-lgcc_s] ==> ignore
    arg [-plugin-opt=-pass-through=-lc] ==> ignore
    arg [-plugin-opt=-pass-through=-lgcc] ==> ignore
    arg [-plugin-opt=-pass-through=-lgcc_s] ==> ignore
    arg [--build-id] ==> ignore
    arg [--eh-frame-hdr] ==> ignore
    arg [--hash-style=gnu] ==> ignore
    arg [-m] ==> ignore
    arg [elf_x86_64] ==> ignore
    arg [-export-dynamic] ==> ignore
    arg [-dynamic-linker] ==> ignore
    arg [/lib64/ld-linux-x86-64.so.2] ==> ignore
    arg [-pie] ==> ignore
    arg [-o] ==> ignore
    arg [cmTC_f1925] ==> ignore
    arg [/usr/lib/gcc/x86_64-pc-linux-gnu/8.2.1/../../../../lib/Scrt1.o] ==> ignore
    arg [/usr/lib/gcc/x86_64-pc-linux-gnu/8.2.1/../../../../lib/crti.o] ==> ignore
    arg [/usr/lib/gcc/x86_64-pc-linux-gnu/8.2.1/crtbeginS.o] ==> ignore
    arg [-L/usr/lib/gcc/x86_64-pc-linux-gnu/8.2.1] ==> dir [/usr/lib/gcc/x86_64-pc-linux-gnu/8.2.1]
    arg [-L/usr/lib/gcc/x86_64-pc-linux-gnu/8.2.1/../../../../lib] ==> dir [/usr/lib/gcc/x86_64-pc-linux-gnu/8.2.1/../../../../lib]
    arg [-L/lib/../lib] ==> dir [/lib/../lib]
    arg [-L/usr/lib/../lib] ==> dir [/usr/lib/../lib]
    arg [-L/usr/lib/gcc/x86_64-pc-linux-gnu/8.2.1/../../..] ==> dir [/usr/lib/gcc/x86_64-pc-linux-gnu/8.2.1/../../..]
    arg [CMakeFiles/cmTC_f1925.dir/CMakeCCompilerABI.c.o] ==> ignore
    arg [-lgcc] ==> lib [gcc]
    arg [--as-needed] ==> ignore
    arg [-lgcc_s] ==> lib [gcc_s]
    arg [--no-as-needed] ==> ignore
    arg [-lc] ==> lib [c]
    arg [-lgcc] ==> lib [gcc]
    arg [--as-needed] ==> ignore
    arg [-lgcc_s] ==> lib [gcc_s]
    arg [--no-as-needed] ==> ignore
    arg [/usr/lib/gcc/x86_64-pc-linux-gnu/8.2.1/crtendS.o] ==> ignore
    arg [/usr/lib/gcc/x86_64-pc-linux-gnu/8.2.1/../../../../lib/crtn.o] ==> ignore
  collapse library dir [/usr/lib/gcc/x86_64-pc-linux-gnu/8.2.1] ==> [/usr/lib/gcc/x86_64-pc-linux-gnu/8.2.1]
  collapse library dir [/usr/lib/gcc/x86_64-pc-linux-gnu/8.2.1/../../../../lib] ==> [/usr/lib]
  collapse library dir [/lib/../lib] ==> [/lib]
  collapse library dir [/usr/lib/../lib] ==> [/usr/lib]
  collapse library dir [/usr/lib/gcc/x86_64-pc-linux-gnu/8.2.1/../../..] ==> [/usr/lib]
  implicit libs: [gcc;gcc_s;c;gcc;gcc_s]
  implicit dirs: [/usr/lib/gcc/x86_64-pc-linux-gnu/8.2.1;/usr/lib;/lib]
  implicit fwks: []




Detecting C [-std=c11] compiler features compiled with the following output:
Change Dir: /home/shammyz/Documents/repos/ICG/triangulo VBO/libs/glfw/CMakeFiles/CMakeTmp

Run Build Command(s):/usr/bin/make cmTC_5cb43/fast 
/usr/bin/make -f CMakeFiles/cmTC_5cb43.dir/build.make CMakeFiles/cmTC_5cb43.dir/build
make[1]: Entering directory '/home/shammyz/Documents/repos/ICG/triangulo VBO/libs/glfw/CMakeFiles/CMakeTmp'
Building C object CMakeFiles/cmTC_5cb43.dir/feature_tests.c.o
/usr/bin/cc   -std=c11 -o CMakeFiles/cmTC_5cb43.dir/feature_tests.c.o   -c "/home/shammyz/Documents/repos/ICG/triangulo VBO/libs/glfw/CMakeFiles/feature_tests.c"
Linking C executable cmTC_5cb43
/usr/bin/cmake -E cmake_link_script CMakeFiles/cmTC_5cb43.dir/link.txt --verbose=1
/usr/bin/cc      -rdynamic CMakeFiles/cmTC_5cb43.dir/feature_tests.c.o  -o cmTC_5cb43 
make[1]: Leaving directory '/home/shammyz/Documents/repos/ICG/triangulo VBO/libs/glfw/CMakeFiles/CMakeTmp'


    Feature record: C_FEATURE:1c_function_prototypes
    Feature record: C_FEATURE:1c_restrict
    Feature record: C_FEATURE:1c_static_assert
    Feature record: C_FEATURE:1c_variadic_macros


Detecting C [-std=c99] compiler features compiled with the following output:
Change Dir: /home/shammyz/Documents/repos/ICG/triangulo VBO/libs/glfw/CMakeFiles/CMakeTmp

Run Build Command(s):/usr/bin/make cmTC_3f072/fast 
/usr/bin/make -f CMakeFiles/cmTC_3f072.dir/build.make CMakeFiles/cmTC_3f072.dir/build
make[1]: Entering directory '/home/shammyz/Documents/repos/ICG/triangulo VBO/libs/glfw/CMakeFiles/CMakeTmp'
Building C object CMakeFiles/cmTC_3f072.dir/feature_tests.c.o
/usr/bin/cc   -std=c99 -o CMakeFiles/cmTC_3f072.dir/feature_tests.c.o   -c "/home/shammyz/Documents/repos/ICG/triangulo VBO/libs/glfw/CMakeFiles/feature_tests.c"
Linking C executable cmTC_3f072
/usr/bin/cmake -E cmake_link_script CMakeFiles/cmTC_3f072.dir/link.txt --verbose=1
/usr/bin/cc      -rdynamic CMakeFiles/cmTC_3f072.dir/feature_tests.c.o  -o cmTC_3f072 
make[1]: Leaving directory '/home/shammyz/Documents/repos/ICG/triangulo VBO/libs/glfw/CMakeFiles/CMakeTmp'


    Feature record: C_FEATURE:1c_function_prototypes
    Feature record: C_FEATURE:1c_restrict
    Feature record: C_FEATURE:0c_static_assert
    Feature record: C_FEATURE:1c_variadic_macros


Detecting C [-std=c90] compiler features compiled with the following output:
Change Dir: /home/shammyz/Documents/repos/ICG/triangulo VBO/libs/glfw/CMakeFiles/CMakeTmp

Run Build Command(s):/usr/bin/make cmTC_36d58/fast 
/usr/bin/make -f CMakeFiles/cmTC_36d58.dir/build.make CMakeFiles/cmTC_36d58.dir/build
make[1]: Entering directory '/home/shammyz/Documents/repos/ICG/triangulo VBO/libs/glfw/CMakeFiles/CMakeTmp'
Building C object CMakeFiles/cmTC_36d58.dir/feature_tests.c.o
/usr/bin/cc   -std=c90 -o CMakeFiles/cmTC_36d58.dir/feature_tests.c.o   -c "/home/shammyz/Documents/repos/ICG/triangulo VBO/libs/glfw/CMakeFiles/feature_tests.c"
Linking C executable cmTC_36d58
/usr/bin/cmake -E cmake_link_script CMakeFiles/cmTC_36d58.dir/link.txt --verbose=1
/usr/bin/cc      -rdynamic CMakeFiles/cmTC_36d58.dir/feature_tests.c.o  -o cmTC_36d58 
make[1]: Leaving directory '/home/shammyz/Documents/repos/ICG/triangulo VBO/libs/glfw/CMakeFiles/CMakeTmp'


    Feature record: C_FEATURE:1c_function_prototypes
    Feature record: C_FEATURE:0c_restrict
    Feature record: C_FEATURE:0c_static_assert
    Feature record: C_FEATURE:0c_variadic_macros
Determining if the include file pthread.h exists passed with the following output:
Change Dir: /home/shammyz/Documents/repos/ICG/triangulo VBO/libs/glfw/CMakeFiles/CMakeTmp

Run Build Command(s):/usr/bin/make cmTC_c1cc5/fast 
/usr/bin/make -f CMakeFiles/cmTC_c1cc5.dir/build.make CMakeFiles/cmTC_c1cc5.dir/build
make[1]: Entering directory '/home/shammyz/Documents/repos/ICG/triangulo VBO/libs/glfw/CMakeFiles/CMakeTmp'
Building C object CMakeFiles/cmTC_c1cc5.dir/CheckIncludeFile.c.o
/usr/bin/cc    -o CMakeFiles/cmTC_c1cc5.dir/CheckIncludeFile.c.o   -c "/home/shammyz/Documents/repos/ICG/triangulo VBO/libs/glfw/CMakeFiles/CMakeTmp/CheckIncludeFile.c"
Linking C executable cmTC_c1cc5
/usr/bin/cmake -E cmake_link_script CMakeFiles/cmTC_c1cc5.dir/link.txt --verbose=1
/usr/bin/cc      -rdynamic CMakeFiles/cmTC_c1cc5.dir/CheckIncludeFile.c.o  -o cmTC_c1cc5 
make[1]: Leaving directory '/home/shammyz/Documents/repos/ICG/triangulo VBO/libs/glfw/CMakeFiles/CMakeTmp'


Determining if the function pthread_create exists in the pthread passed with the following output:
Change Dir: /home/shammyz/Documents/repos/ICG/triangulo VBO/libs/glfw/CMakeFiles/CMakeTmp

Run Build Command(s):/usr/bin/make cmTC_7e71b/fast 
/usr/bin/make -f CMakeFiles/cmTC_7e71b.dir/build.make CMakeFiles/cmTC_7e71b.dir/build
make[1]: Entering directory '/home/shammyz/Documents/repos/ICG/triangulo VBO/libs/glfw/CMakeFiles/CMakeTmp'
Building C object CMakeFiles/cmTC_7e71b.dir/CheckFunctionExists.c.o
/usr/bin/cc   -DCHECK_FUNCTION_EXISTS=pthread_create   -o CMakeFiles/cmTC_7e71b.dir/CheckFunctionExists.c.o   -c /usr/share/cmake-3.14/Modules/CheckFunctionExists.c
Linking C executable cmTC_7e71b
/usr/bin/cmake -E cmake_link_script CMakeFiles/cmTC_7e71b.dir/link.txt --verbose=1
/usr/bin/cc  -DCHECK_FUNCTION_EXISTS=pthread_create    -rdynamic CMakeFiles/cmTC_7e71b.dir/CheckFunctionExists.c.o  -o cmTC_7e71b -lpthread 
make[1]: Leaving directory '/home/shammyz/Documents/repos/ICG/triangulo VBO/libs/glfw/CMakeFiles/CMakeTmp'


Determining if the function XOpenDisplay exists in the /usr/lib/libX11.so;/usr/lib/libXext.so passed with the following output:
Change Dir: /home/shammyz/Documents/repos/ICG/triangulo VBO/libs/glfw/CMakeFiles/CMakeTmp

Run Build Command(s):/usr/bin/make cmTC_0f99e/fast 
/usr/bin/make -f CMakeFiles/cmTC_0f99e.dir/build.make CMakeFiles/cmTC_0f99e.dir/build
make[1]: Entering directory '/home/shammyz/Documents/repos/ICG/triangulo VBO/libs/glfw/CMakeFiles/CMakeTmp'
Building C object CMakeFiles/cmTC_0f99e.dir/CheckFunctionExists.c.o
/usr/bin/cc   -DCHECK_FUNCTION_EXISTS=XOpenDisplay   -o CMakeFiles/cmTC_0f99e.dir/CheckFunctionExists.c.o   -c /usr/share/cmake-3.14/Modules/CheckFunctionExists.c
Linking C executable cmTC_0f99e
/usr/bin/cmake -E cmake_link_script CMakeFiles/cmTC_0f99e.dir/link.txt --verbose=1
/usr/bin/cc  -DCHECK_FUNCTION_EXISTS=XOpenDisplay    -rdynamic CMakeFiles/cmTC_0f99e.dir/CheckFunctionExists.c.o  -o cmTC_0f99e /usr/lib/libX11.so /usr/lib/libXext.so 
make[1]: Leaving directory '/home/shammyz/Documents/repos/ICG/triangulo VBO/libs/glfw/CMakeFiles/CMakeTmp'


Determining if the function gethostbyname exists passed with the following output:
Change Dir: /home/shammyz/Documents/repos/ICG/triangulo VBO/libs/glfw/CMakeFiles/CMakeTmp

Run Build Command(s):/usr/bin/make cmTC_b3d64/fast 
/usr/bin/make -f CMakeFiles/cmTC_b3d64.dir/build.make CMakeFiles/cmTC_b3d64.dir/build
make[1]: Entering directory '/home/shammyz/Documents/repos/ICG/triangulo VBO/libs/glfw/CMakeFiles/CMakeTmp'
Building C object CMakeFiles/cmTC_b3d64.dir/CheckFunctionExists.c.o
/usr/bin/cc   -DCHECK_FUNCTION_EXISTS=gethostbyname   -o CMakeFiles/cmTC_b3d64.dir/CheckFunctionExists.c.o   -c /usr/share/cmake-3.14/Modules/CheckFunctionExists.c
Linking C executable cmTC_b3d64
/usr/bin/cmake -E cmake_link_script CMakeFiles/cmTC_b3d64.dir/link.txt --verbose=1
/usr/bin/cc  -DCHECK_FUNCTION_EXISTS=gethostbyname    -rdynamic CMakeFiles/cmTC_b3d64.dir/CheckFunctionExists.c.o  -o cmTC_b3d64 
make[1]: Leaving directory '/home/shammyz/Documents/repos/ICG/triangulo VBO/libs/glfw/CMakeFiles/CMakeTmp'


Determining if the function connect exists passed with the following output:
Change Dir: /home/shammyz/Documents/repos/ICG/triangulo VBO/libs/glfw/CMakeFiles/CMakeTmp

Run Build Command(s):/usr/bin/make cmTC_1a834/fast 
/usr/bin/make -f CMakeFiles/cmTC_1a834.dir/build.make CMakeFiles/cmTC_1a834.dir/build
make[1]: Entering directory '/home/shammyz/Documents/repos/ICG/triangulo VBO/libs/glfw/CMakeFiles/CMakeTmp'
Building C object CMakeFiles/cmTC_1a834.dir/CheckFunctionExists.c.o
/usr/bin/cc   -DCHECK_FUNCTION_EXISTS=connect   -o CMakeFiles/cmTC_1a834.dir/CheckFunctionExists.c.o   -c /usr/share/cmake-3.14/Modules/CheckFunctionExists.c
Linking C executable cmTC_1a834
/usr/bin/cmake -E cmake_link_script CMakeFiles/cmTC_1a834.dir/link.txt --verbose=1
/usr/bin/cc  -DCHECK_FUNCTION_EXISTS=connect    -rdynamic CMakeFiles/cmTC_1a834.dir/CheckFunctionExists.c.o  -o cmTC_1a834 
make[1]: Leaving directory '/home/shammyz/Documents/repos/ICG/triangulo VBO/libs/glfw/CMakeFiles/CMakeTmp'


Determining if the function remove exists passed with the following output:
Change Dir: /home/shammyz/Documents/repos/ICG/triangulo VBO/libs/glfw/CMakeFiles/CMakeTmp

Run Build Command(s):/usr/bin/make cmTC_3f34f/fast 
/usr/bin/make -f CMakeFiles/cmTC_3f34f.dir/build.make CMakeFiles/cmTC_3f34f.dir/build
make[1]: Entering directory '/home/shammyz/Documents/repos/ICG/triangulo VBO/libs/glfw/CMakeFiles/CMakeTmp'
Building C object CMakeFiles/cmTC_3f34f.dir/CheckFunctionExists.c.o
/usr/bin/cc   -DCHECK_FUNCTION_EXISTS=remove   -o CMakeFiles/cmTC_3f34f.dir/CheckFunctionExists.c.o   -c /usr/share/cmake-3.14/Modules/CheckFunctionExists.c
Linking C executable cmTC_3f34f
/usr/bin/cmake -E cmake_link_script CMakeFiles/cmTC_3f34f.dir/link.txt --verbose=1
/usr/bin/cc  -DCHECK_FUNCTION_EXISTS=remove    -rdynamic CMakeFiles/cmTC_3f34f.dir/CheckFunctionExists.c.o  -o cmTC_3f34f 
make[1]: Leaving directory '/home/shammyz/Documents/repos/ICG/triangulo VBO/libs/glfw/CMakeFiles/CMakeTmp'


Determining if the function shmat exists passed with the following output:
Change Dir: /home/shammyz/Documents/repos/ICG/triangulo VBO/libs/glfw/CMakeFiles/CMakeTmp

Run Build Command(s):/usr/bin/make cmTC_07a8a/fast 
/usr/bin/make -f CMakeFiles/cmTC_07a8a.dir/build.make CMakeFiles/cmTC_07a8a.dir/build
make[1]: Entering directory '/home/shammyz/Documents/repos/ICG/triangulo VBO/libs/glfw/CMakeFiles/CMakeTmp'
Building C object CMakeFiles/cmTC_07a8a.dir/CheckFunctionExists.c.o
/usr/bin/cc   -DCHECK_FUNCTION_EXISTS=shmat   -o CMakeFiles/cmTC_07a8a.dir/CheckFunctionExists.c.o   -c /usr/share/cmake-3.14/Modules/CheckFunctionExists.c
Linking C executable cmTC_07a8a
/usr/bin/cmake -E cmake_link_script CMakeFiles/cmTC_07a8a.dir/link.txt --verbose=1
/usr/bin/cc  -DCHECK_FUNCTION_EXISTS=shmat    -rdynamic CMakeFiles/cmTC_07a8a.dir/CheckFunctionExists.c.o  -o cmTC_07a8a 
make[1]: Leaving directory '/home/shammyz/Documents/repos/ICG/triangulo VBO/libs/glfw/CMakeFiles/CMakeTmp'


Determining if the function IceConnectionNumber exists in the ICE passed with the following output:
Change Dir: /home/shammyz/Documents/repos/ICG/triangulo VBO/libs/glfw/CMakeFiles/CMakeTmp

Run Build Command(s):/usr/bin/make cmTC_9e3de/fast 
/usr/bin/make -f CMakeFiles/cmTC_9e3de.dir/build.make CMakeFiles/cmTC_9e3de.dir/build
make[1]: Entering directory '/home/shammyz/Documents/repos/ICG/triangulo VBO/libs/glfw/CMakeFiles/CMakeTmp'
Building C object CMakeFiles/cmTC_9e3de.dir/CheckFunctionExists.c.o
/usr/bin/cc   -DCHECK_FUNCTION_EXISTS=IceConnectionNumber   -o CMakeFiles/cmTC_9e3de.dir/CheckFunctionExists.c.o   -c /usr/share/cmake-3.14/Modules/CheckFunctionExists.c
Linking C executable cmTC_9e3de
/usr/bin/cmake -E cmake_link_script CMakeFiles/cmTC_9e3de.dir/link.txt --verbose=1
/usr/bin/cc  -DCHECK_FUNCTION_EXISTS=IceConnectionNumber    -rdynamic CMakeFiles/cmTC_9e3de.dir/CheckFunctionExists.c.o  -o cmTC_9e3de -lICE 
make[1]: Leaving directory '/home/shammyz/Documents/repos/ICG/triangulo VBO/libs/glfw/CMakeFiles/CMakeTmp'


